{"total": {"lines":{"total":66,"covered":49,"skipped":0,"pct":74.24},"statements":{"total":75,"covered":57,"skipped":0,"pct":76},"functions":{"total":15,"covered":8,"skipped":0,"pct":53.33},"branches":{"total":38,"covered":32,"skipped":0,"pct":84.21},"branchesTrue":{"total":0,"covered":0,"skipped":0,"pct":100}}
,"/Users/josesilva/Documents/Projetos/apiPiorFilme/src/app.controller.ts": {"lines":{"total":6,"covered":6,"skipped":0,"pct":100},"functions":{"total":1,"covered":1,"skipped":0,"pct":100},"statements":{"total":8,"covered":8,"skipped":0,"pct":100},"branches":{"total":0,"covered":0,"skipped":0,"pct":100}}
,"/Users/josesilva/Documents/Projetos/apiPiorFilme/src/api/filters/http-exception.filter.ts": {"lines":{"total":8,"covered":8,"skipped":0,"pct":100},"functions":{"total":1,"covered":1,"skipped":0,"pct":100},"statements":{"total":10,"covered":10,"skipped":0,"pct":100},"branches":{"total":0,"covered":0,"skipped":0,"pct":100}}
,"/Users/josesilva/Documents/Projetos/apiPiorFilme/src/api/modules/gra/gra.service.ts": {"lines":{"total":32,"covered":15,"skipped":0,"pct":46.87},"functions":{"total":11,"covered":4,"skipped":0,"pct":36.36},"statements":{"total":35,"covered":17,"skipped":0,"pct":48.57},"branches":{"total":2,"covered":0,"skipped":0,"pct":0}}
,"/Users/josesilva/Documents/Projetos/apiPiorFilme/src/api/utils/date.utils.ts": {"lines":{"total":12,"covered":12,"skipped":0,"pct":100},"functions":{"total":2,"covered":2,"skipped":0,"pct":100},"statements":{"total":12,"covered":12,"skipped":0,"pct":100},"branches":{"total":36,"covered":32,"skipped":0,"pct":88.88}}
,"/Users/josesilva/Documents/Projetos/apiPiorFilme/src/database/entity/grafilmes.entity.ts": {"lines":{"total":8,"covered":8,"skipped":0,"pct":100},"functions":{"total":0,"covered":0,"skipped":0,"pct":100},"statements":{"total":10,"covered":10,"skipped":0,"pct":100},"branches":{"total":0,"covered":0,"skipped":0,"pct":100}}
}
