TN:
SF:src/app.controller.ts
FN:10,(anonymous_2)
FNF:1
FNH:1
FNDA:1,(anonymous_2)
DA:1,1
DA:2,1
DA:3,1
DA:6,1
DA:7,1
DA:11,1
LF:6
LH:6
BRF:0
BRH:0
end_of_record
TN:
SF:src/api/filters/http-exception.filter.ts
FN:11,(anonymous_1)
FNF:1
FNH:1
FNDA:1,(anonymous_1)
DA:1,1
DA:10,1
DA:12,1
DA:13,1
DA:14,1
DA:15,1
DA:17,1
DA:19,1
LF:8
LH:8
BRF:0
BRH:0
end_of_record
TN:
SF:src/api/modules/gra/gra.service.ts
FN:12,(anonymous_4)
FN:17,(anonymous_5)
FN:21,(anonymous_6)
FN:25,(anonymous_7)
FN:40,(anonymous_8)
FN:85,(anonymous_9)
FN:89,(anonymous_10)
FN:92,(anonymous_11)
FN:96,(anonymous_12)
FN:110,(anonymous_13)
FN:111,(anonymous_14)
FNF:11
FNH:4
FNDA:6,(anonymous_4)
FNDA:1,(anonymous_5)
FNDA:1,(anonymous_6)
FNDA:0,(anonymous_7)
FNDA:3,(anonymous_8)
FNDA:0,(anonymous_9)
FNDA:0,(anonymous_10)
FNDA:0,(anonymous_11)
FNDA:0,(anonymous_12)
FNDA:0,(anonymous_13)
FNDA:0,(anonymous_14)
DA:1,1
DA:2,1
DA:3,1
DA:4,1
DA:6,1
DA:7,1
DA:11,1
DA:14,6
DA:18,1
DA:22,1
DA:26,0
DA:41,3
DA:60,3
DA:79,3
DA:80,2
DA:82,2
DA:86,0
DA:87,0
DA:89,0
DA:90,0
DA:93,0
DA:94,0
DA:95,0
DA:96,0
DA:98,0
DA:99,0
DA:100,0
DA:103,0
DA:106,0
DA:108,0
DA:110,0
DA:111,0
LF:32
LH:15
BRDA:93,0,0,0
BRDA:98,1,0,0
BRF:2
BRH:0
end_of_record
TN:
SF:src/api/utils/date.utils.ts
FN:5,(anonymous_0)
FN:27,(anonymous_1)
FNF:2
FNH:2
FNDA:9,(anonymous_0)
FNDA:28,(anonymous_1)
DA:1,2
DA:4,2
DA:9,9
DA:13,2
DA:16,7
DA:17,2
DA:20,5
DA:21,2
DA:24,3
DA:28,28
DA:29,17
DA:31,11
LF:12
LH:12
BRDA:9,0,0,2
BRDA:10,1,0,9
BRDA:10,1,1,4
BRDA:10,2,0,1
BRDA:10,2,1,8
BRDA:10,3,0,9
BRDA:10,3,1,8
BRDA:13,4,0,2
BRDA:13,4,1,1
BRDA:13,5,0,0
BRDA:13,5,1,2
BRDA:13,6,0,2
BRDA:13,6,1,2
BRDA:13,7,0,0
BRDA:13,7,1,1
BRDA:13,8,0,1
BRDA:13,8,1,1
BRDA:16,9,0,2
BRDA:16,10,0,1
BRDA:16,10,1,6
BRDA:16,11,0,7
BRDA:16,11,1,6
BRDA:17,12,0,0
BRDA:17,12,1,2
BRDA:17,13,0,2
BRDA:17,13,1,2
BRDA:20,14,0,2
BRDA:20,15,0,1
BRDA:20,15,1,4
BRDA:20,16,0,5
BRDA:20,16,1,4
BRDA:21,17,0,0
BRDA:21,17,1,2
BRDA:21,18,0,2
BRDA:21,18,1,2
BRDA:28,19,0,17
BRF:36
BRH:32
end_of_record
TN:
SF:src/database/entity/grafilmes.entity.ts
FNF:0
FNH:0
DA:1,1
DA:4,1
DA:5,1
DA:8,1
DA:11,1
DA:14,1
DA:17,1
DA:20,1
LF:8
LH:8
BRF:0
BRH:0
end_of_record
